2024-05-13 07:42:04.458 E [test_yolo_detect] [183-test_yolo_detec] FFmpegReadNode.cpp:97 Init | open url rtmp://video-pull.eflyyzh.com/ai/srcfailed
2024-05-13 07:42:05.600 E [test_yolo_detect] [183-test_yolo_detec] FFmpegReadNode.cpp:97 Init | open url rtmp://video-pull.eflyyzh.com/ai/srcfailed
2024-05-13 07:42:56.953 D [test_yolo_detect] [201-test_yolo_detec] YoloDetectionInfer.cpp:77 pre_process | batch_size: 1
2024-05-13 07:42:56.953 D [test_yolo_detect] [201-stamp thread] util.cpp:368 operator() | Stamp thread started
2024-05-13 07:42:56.957 D [test_yolo_detect] [201-test_yolo_detec] YoloDetectionInfer.cpp:77 pre_process | batch_size: 1
2024-05-13 07:42:56.957 D [test_yolo_detect] [201-test_yolo_detec] YoloDetectionInfer.cpp:77 pre_process | batch_size: 1
    Last message repeated 2 times
2024-05-13 07:42:56.953 W [test_yolo_detect] [201-test_yolo_detec] InferInstance.cpp:25 operator() | take time: 707ms, thread may be overloaded
2024-05-13 07:42:56.966 W [test_yolo_detect] [201-test_yolo_detec] InferInstance.cpp:25 operator() | take time: 695ms, thread may be overloaded
2024-05-13 07:42:56.960 W [test_yolo_detect] [201-test_yolo_detec] InferInstance.cpp:25 operator() | take time: 701ms, thread may be overloaded
2024-05-13 07:42:56.957 W [test_yolo_detect] [201-test_yolo_detec] InferInstance.cpp:25 operator() | take time: 705ms, thread may be overloaded
2024-05-13 07:42:57.661 D [test_yolo_detect] [201-test_yolo_detec] YoloDetectionInfer.cpp:77 pre_process | batch_size: 10
2024-05-13 07:42:57.661 D [test_yolo_detect] [201-test_yolo_detec] YoloDetectionInfer.cpp:77 pre_process | batch_size: 10
    Last message repeated 3 times
2024-05-13 07:42:57.661 W [test_yolo_detect] [201-test_yolo_detec] InferInstance.cpp:25 operator() | take time: 69ms, thread may be overloaded
2024-05-13 07:42:57.661 W [test_yolo_detect] [201-test_yolo_detec] InferInstance.cpp:25 operator() | take time: 69ms, thread may be overloaded
    Last message repeated 3 times
2024-05-13 07:42:57.730 D [test_yolo_detect] [201-test_yolo_detec] YoloDetectionInfer.cpp:77 pre_process | batch_size: 1
2024-05-13 07:42:57.730 D [test_yolo_detect] [201-test_yolo_detec] YoloDetectionInfer.cpp:77 pre_process | batch_size: 1
2024-05-13 07:42:57.730 D [test_yolo_detect] [201-test_yolo_detec] YoloDetectionInfer.cpp:77 pre_process | batch_size: 2
2024-05-13 07:42:57.730 D [test_yolo_detect] [201-test_yolo_detec] YoloDetectionInfer.cpp:77 pre_process | batch_size: 2
2024-05-13 07:42:57.748 D [test_yolo_detect] [201-test_yolo_detec] YoloDetectionInfer.cpp:77 pre_process | batch_size: 1
2024-05-13 07:42:57.748 D [test_yolo_detect] [201-test_yolo_detec] YoloDetectionInfer.cpp:77 pre_process | batch_size: 1
    Last message repeated 9 times
2024-05-13 07:42:58.077 E [test_yolo_detect] [201-test_yolo_detec] KeyframePostNode.cpp:98 handle_data | keyframe服务器已关闭
2024-05-13 07:42:58.086 D [test_yolo_detect] [201-test_yolo_detec] YoloDetectionInfer.cpp:77 pre_process | batch_size: 1
2024-05-13 07:42:58.607 D [test_yolo_detect] [201-test_yolo_detec] YoloDetectionInfer.cpp:77 pre_process | batch_size: 1
    Last message repeated 16 times
2024-05-13 07:42:59.116 D [test_yolo_detect] [201-test_yolo_detec] YoloDetectionInfer.cpp:77 pre_process | batch_size: 1
    Last message repeated 15 times
2024-05-13 07:42:59.647 D [test_yolo_detect] [201-test_yolo_detec] YoloDetectionInfer.cpp:77 pre_process | batch_size: 1
    Last message repeated 16 times
2024-05-13 07:42:59.647 D [test_yolo_detect] [201-test_yolo_detec] YoloDetectionInfer.cpp:77 pre_process | batch_size: 1
    Last message repeated 11 times
2024-05-13 07:43:00.049 E [test_yolo_detect] [201-test_yolo_detec] KeyframePostNode.cpp:98 handle_data | keyframe服务器已关闭
2024-05-13 07:43:00.050 D [test_yolo_detect] [201-test_yolo_detec] YoloDetectionInfer.cpp:77 pre_process | batch_size: 1
2024-05-13 07:43:00.597 D [test_yolo_detect] [201-test_yolo_detec] YoloDetectionInfer.cpp:77 pre_process | batch_size: 1
    Last message repeated 17 times
2024-05-13 07:43:01.126 D [test_yolo_detect] [201-test_yolo_detec] YoloDetectionInfer.cpp:77 pre_process | batch_size: 1
    Last message repeated 17 times
2024-05-13 07:43:01.630 D [test_yolo_detect] [201-test_yolo_detec] YoloDetectionInfer.cpp:77 pre_process | batch_size: 1
    Last message repeated 14 times
2024-05-13 07:43:01.630 D [test_yolo_detect] [201-test_yolo_detec] YoloDetectionInfer.cpp:77 pre_process | batch_size: 1
    Last message repeated 13 times
2024-05-13 07:43:02.055 E [test_yolo_detect] [201-test_yolo_detec] KeyframePostNode.cpp:98 handle_data | keyframe服务器已关闭
2024-05-13 07:43:02.063 D [test_yolo_detect] [201-test_yolo_detec] YoloDetectionInfer.cpp:77 pre_process | batch_size: 1
2024-05-13 07:43:02.574 D [test_yolo_detect] [201-test_yolo_detec] YoloDetectionInfer.cpp:77 pre_process | batch_size: 1
    Last message repeated 16 times
2024-05-13 07:43:03.104 D [test_yolo_detect] [201-test_yolo_detec] YoloDetectionInfer.cpp:77 pre_process | batch_size: 1
    Last message repeated 15 times
2024-05-13 07:43:03.607 D [test_yolo_detect] [201-test_yolo_detec] YoloDetectionInfer.cpp:77 pre_process | batch_size: 1
    Last message repeated 15 times
2024-05-13 07:43:03.607 D [test_yolo_detect] [201-test_yolo_detec] YoloDetectionInfer.cpp:77 pre_process | batch_size: 1
    Last message repeated 12 times
2024-05-13 07:43:04.114 E [test_yolo_detect] [201-test_yolo_detec] KeyframePostNode.cpp:98 handle_data | keyframe服务器已关闭
2024-05-13 07:43:04.125 D [test_yolo_detect] [201-test_yolo_detec] YoloDetectionInfer.cpp:77 pre_process | batch_size: 1
2024-05-13 07:43:04.638 D [test_yolo_detect] [201-test_yolo_detec] YoloDetectionInfer.cpp:77 pre_process | batch_size: 1
    Last message repeated 16 times
2024-05-13 07:43:05.157 D [test_yolo_detect] [201-test_yolo_detec] YoloDetectionInfer.cpp:77 pre_process | batch_size: 1
    Last message repeated 15 times
2024-05-13 07:43:05.659 D [test_yolo_detect] [201-test_yolo_detec] YoloDetectionInfer.cpp:77 pre_process | batch_size: 1
    Last message repeated 17 times
2024-05-13 07:43:05.659 D [test_yolo_detect] [201-test_yolo_detec] YoloDetectionInfer.cpp:77 pre_process | batch_size: 1
    Last message repeated 12 times
2024-05-13 07:43:06.072 E [test_yolo_detect] [201-test_yolo_detec] KeyframePostNode.cpp:98 handle_data | keyframe服务器已关闭
2024-05-13 07:43:06.107 D [test_yolo_detect] [201-test_yolo_detec] YoloDetectionInfer.cpp:77 pre_process | batch_size: 1
2024-05-13 07:43:06.628 D [test_yolo_detect] [201-test_yolo_detec] YoloDetectionInfer.cpp:77 pre_process | batch_size: 1
    Last message repeated 16 times
2024-05-13 07:43:07.147 D [test_yolo_detect] [201-test_yolo_detec] YoloDetectionInfer.cpp:77 pre_process | batch_size: 1
    Last message repeated 15 times
2024-05-13 07:43:07.658 D [test_yolo_detect] [201-test_yolo_detec] YoloDetectionInfer.cpp:77 pre_process | batch_size: 1
    Last message repeated 15 times
2024-05-13 07:43:07.658 D [test_yolo_detect] [201-test_yolo_detec] YoloDetectionInfer.cpp:77 pre_process | batch_size: 1
    Last message repeated 13 times
2024-05-13 07:43:08.069 E [test_yolo_detect] [201-test_yolo_detec] KeyframePostNode.cpp:98 handle_data | keyframe服务器已关闭
2024-05-13 07:43:08.095 D [test_yolo_detect] [201-test_yolo_detec] YoloDetectionInfer.cpp:77 pre_process | batch_size: 1
2024-05-13 07:43:08.610 D [test_yolo_detect] [201-test_yolo_detec] YoloDetectionInfer.cpp:77 pre_process | batch_size: 1
    Last message repeated 15 times
2024-05-13 07:43:09.114 D [test_yolo_detect] [201-test_yolo_detec] YoloDetectionInfer.cpp:77 pre_process | batch_size: 1
    Last message repeated 15 times
2024-05-13 07:43:09.630 D [test_yolo_detect] [201-test_yolo_detec] YoloDetectionInfer.cpp:77 pre_process | batch_size: 1
    Last message repeated 16 times
2024-05-13 07:43:09.630 D [test_yolo_detect] [201-test_yolo_detec] YoloDetectionInfer.cpp:77 pre_process | batch_size: 1
    Last message repeated 12 times
2024-05-13 07:43:10.060 E [test_yolo_detect] [201-test_yolo_detec] KeyframePostNode.cpp:98 handle_data | keyframe服务器已关闭
2024-05-13 07:43:10.063 D [test_yolo_detect] [201-test_yolo_detec] YoloDetectionInfer.cpp:77 pre_process | batch_size: 1
2024-05-13 07:43:10.624 D [test_yolo_detect] [201-test_yolo_detec] YoloDetectionInfer.cpp:77 pre_process | batch_size: 1
    Last message repeated 17 times
2024-05-13 07:43:11.126 D [test_yolo_detect] [201-test_yolo_detec] YoloDetectionInfer.cpp:77 pre_process | batch_size: 1
    Last message repeated 52 times
2024-05-13 07:43:11.126 D [test_yolo_detect] [201-test_yolo_detec] YoloDetectionInfer.cpp:77 pre_process | batch_size: 1
    Last message repeated 21 times
2024-05-13 07:43:31.276 E [test_yolo_detect] [201-test_yolo_detec] FFmpegReadNode.cpp:54 worker | read error
2024-05-13 07:43:31.276 E [test_yolo_detect] [201-test_yolo_detec] FFmpegReadNode.cpp:56 worker | 读取节点错误，重连中。。。
2024-05-13 07:43:32.357 E [test_yolo_detect] [201-test_yolo_detec] FFmpegReadNode.cpp:97 Init | open url rtmp://video-pull.eflyyzh.com/ai/srcfailed
2024-05-13 07:43:32.357 E [test_yolo_detect] [201-test_yolo_detec] FFmpegReadNode.cpp:63 worker | 读取节点重连中...[第0次]
2024-05-13 07:43:33.369 E [test_yolo_detect] [201-test_yolo_detec] FFmpegReadNode.cpp:97 Init | open url rtmp://video-pull.eflyyzh.com/ai/srcfailed
2024-05-13 07:43:33.369 E [test_yolo_detect] [201-test_yolo_detec] FFmpegReadNode.cpp:63 worker | 读取节点重连中...[第1次]
2024-05-13 07:43:34.359 E [test_yolo_detect] [201-test_yolo_detec] FFmpegReadNode.cpp:97 Init | open url rtmp://video-pull.eflyyzh.com/ai/srcfailed
2024-05-13 07:43:34.359 E [test_yolo_detect] [201-test_yolo_detec] FFmpegReadNode.cpp:63 worker | 读取节点重连中...[第2次]
2024-05-13 07:43:35.838 E [test_yolo_detect] [201-test_yolo_detec] FFmpegReadNode.cpp:97 Init | open url rtmp://video-pull.eflyyzh.com/ai/srcfailed
2024-05-13 07:43:35.838 E [test_yolo_detect] [201-test_yolo_detec] FFmpegReadNode.cpp:63 worker | 读取节点重连中...[第3次]
2024-05-13 07:43:36.990 E [test_yolo_detect] [201-test_yolo_detec] FFmpegReadNode.cpp:97 Init | open url rtmp://video-pull.eflyyzh.com/ai/srcfailed
2024-05-13 07:43:36.990 E [test_yolo_detect] [201-test_yolo_detec] FFmpegReadNode.cpp:63 worker | 读取节点重连中...[第4次]
2024-05-13 07:43:37.020 E [test_yolo_detect] [201-test_yolo_detec] FFmpegReadNode.cpp:54 worker | read error
2024-05-13 07:43:37.020 E [test_yolo_detect] [201-test_yolo_detec] FFmpegReadNode.cpp:56 worker | 读取节点错误，重连中。。。
2024-05-13 07:43:38.151 E [test_yolo_detect] [201-test_yolo_detec] FFmpegReadNode.cpp:97 Init | open url rtmp://video-pull.eflyyzh.com/ai/srcfailed
2024-05-13 07:43:38.151 E [test_yolo_detect] [201-test_yolo_detec] FFmpegReadNode.cpp:63 worker | 读取节点重连中...[第0次]
2024-05-13 07:43:38.934 E [test_yolo_detect] [201-test_yolo_detec] FFmpegReadNode.cpp:97 Init | open url rtmp://video-pull.eflyyzh.com/ai/srcfailed
2024-05-13 07:43:38.934 E [test_yolo_detect] [201-test_yolo_detec] FFmpegReadNode.cpp:63 worker | 读取节点重连中...[第1次]
2024-05-13 07:43:39.794 E [test_yolo_detect] [201-test_yolo_detec] FFmpegReadNode.cpp:97 Init | open url rtmp://video-pull.eflyyzh.com/ai/srcfailed
2024-05-13 07:43:39.794 E [test_yolo_detect] [201-test_yolo_detec] FFmpegReadNode.cpp:63 worker | 读取节点重连中...[第2次]
2024-05-13 07:43:40.633 E [test_yolo_detect] [201-test_yolo_detec] FFmpegReadNode.cpp:97 Init | open url rtmp://video-pull.eflyyzh.com/ai/srcfailed
2024-05-13 07:43:40.634 E [test_yolo_detect] [201-test_yolo_detec] FFmpegReadNode.cpp:63 worker | 读取节点重连中...[第3次]
2024-05-13 07:43:41.500 E [test_yolo_detect] [201-test_yolo_detec] FFmpegReadNode.cpp:97 Init | open url rtmp://video-pull.eflyyzh.com/ai/srcfailed
2024-05-13 07:43:41.500 E [test_yolo_detect] [201-test_yolo_detec] FFmpegReadNode.cpp:63 worker | 读取节点重连中...[第4次]
2024-05-13 07:43:41.531 E [test_yolo_detect] [201-test_yolo_detec] FFmpegReadNode.cpp:54 worker | read error
2024-05-13 07:43:41.531 E [test_yolo_detect] [201-test_yolo_detec] FFmpegReadNode.cpp:56 worker | 读取节点错误，重连中。。。
2024-05-13 07:43:47.958 E [test_yolo_detect] [201-test_yolo_detec] FFmpegReadNode.cpp:59 worker | 重连成功
2024-05-13 07:43:47.958 I [test_yolo_detect] [201-test_yolo_detec] YoloDetectPipeline.cpp:73 operator() | ffmpeg_input_nodecode:6msg:节点重连成功
2024-05-13 07:43:47.958 I [test_yolo_detect] [201-test_yolo_detec] YoloDetectPipeline.cpp:74 operator() | ffmpeg读取节点重启成功，准备重启输出节点
2024-05-13 07:43:51.459 D [test_yolo_detect] [201-test_yolo_detec] YoloDetectionInfer.cpp:77 pre_process | batch_size: 1
2024-05-13 07:43:51.459 D [test_yolo_detect] [201-test_yolo_detec] YoloDetectionInfer.cpp:77 pre_process | batch_size: 1
    Last message repeated 2 times
2024-05-13 07:43:51.510 E [test_yolo_detect] [201-test_yolo_detec] KeyframePostNode.cpp:98 handle_data | keyframe服务器已关闭
2024-05-13 07:43:51.522 D [test_yolo_detect] [201-test_yolo_detec] YoloDetectionInfer.cpp:77 pre_process | batch_size: 1
2024-05-13 07:43:52.036 D [test_yolo_detect] [201-test_yolo_detec] YoloDetectionInfer.cpp:77 pre_process | batch_size: 1
    Last message repeated 16 times
2024-05-13 07:43:52.557 D [test_yolo_detect] [201-test_yolo_detec] YoloDetectionInfer.cpp:77 pre_process | batch_size: 1
    Last message repeated 16 times
2024-05-13 07:43:52.557 D [test_yolo_detect] [201-test_yolo_detec] YoloDetectionInfer.cpp:77 pre_process | batch_size: 1
    Last message repeated 15 times
2024-05-13 07:43:53.059 E [test_yolo_detect] [201-test_yolo_detec] KeyframePostNode.cpp:98 handle_data | keyframe服务器已关闭
2024-05-13 07:43:53.090 D [test_yolo_detect] [201-test_yolo_detec] YoloDetectionInfer.cpp:77 pre_process | batch_size: 1
2024-05-13 07:43:53.620 D [test_yolo_detect] [201-test_yolo_detec] YoloDetectionInfer.cpp:77 pre_process | batch_size: 1
    Last message repeated 16 times
2024-05-13 07:43:54.137 D [test_yolo_detect] [201-test_yolo_detec] YoloDetectionInfer.cpp:77 pre_process | batch_size: 1
    Last message repeated 15 times
2024-05-13 07:43:54.656 D [test_yolo_detect] [201-test_yolo_detec] YoloDetectionInfer.cpp:77 pre_process | batch_size: 1
    Last message repeated 16 times
2024-05-13 07:43:54.656 D [test_yolo_detect] [201-test_yolo_detec] YoloDetectionInfer.cpp:77 pre_process | batch_size: 1
    Last message repeated 12 times
2024-05-13 07:43:55.080 E [test_yolo_detect] [201-test_yolo_detec] KeyframePostNode.cpp:98 handle_data | keyframe服务器已关闭
2024-05-13 07:43:55.085 D [test_yolo_detect] [201-test_yolo_detec] YoloDetectionInfer.cpp:77 pre_process | batch_size: 1
2024-05-13 07:43:55.609 D [test_yolo_detect] [201-test_yolo_detec] YoloDetectionInfer.cpp:77 pre_process | batch_size: 1
    Last message repeated 16 times
2024-05-13 07:43:56.122 D [test_yolo_detect] [201-test_yolo_detec] YoloDetectionInfer.cpp:77 pre_process | batch_size: 1
    Last message repeated 15 times
2024-05-13 07:43:56.670 D [test_yolo_detect] [201-test_yolo_detec] YoloDetectionInfer.cpp:77 pre_process | batch_size: 1
    Last message repeated 17 times
2024-05-13 07:43:56.670 D [test_yolo_detect] [201-test_yolo_detec] YoloDetectionInfer.cpp:77 pre_process | batch_size: 1
    Last message repeated 12 times
2024-05-13 07:43:57.056 E [test_yolo_detect] [201-test_yolo_detec] KeyframePostNode.cpp:98 handle_data | keyframe服务器已关闭
2024-05-13 07:43:57.077 D [test_yolo_detect] [201-test_yolo_detec] YoloDetectionInfer.cpp:77 pre_process | batch_size: 1
2024-05-13 07:43:57.584 D [test_yolo_detect] [201-test_yolo_detec] YoloDetectionInfer.cpp:77 pre_process | batch_size: 1
    Last message repeated 15 times
2024-05-13 07:43:58.101 D [test_yolo_detect] [201-test_yolo_detec] YoloDetectionInfer.cpp:77 pre_process | batch_size: 1
    Last message repeated 16 times
2024-05-13 07:43:58.642 D [test_yolo_detect] [201-test_yolo_detec] YoloDetectionInfer.cpp:77 pre_process | batch_size: 1
    Last message repeated 16 times
2024-05-13 07:43:58.642 D [test_yolo_detect] [201-test_yolo_detec] YoloDetectionInfer.cpp:77 pre_process | batch_size: 1
    Last message repeated 13 times
2024-05-13 07:43:59.106 E [test_yolo_detect] [201-test_yolo_detec] KeyframePostNode.cpp:98 handle_data | keyframe服务器已关闭
2024-05-13 07:43:59.129 D [test_yolo_detect] [201-test_yolo_detec] YoloDetectionInfer.cpp:77 pre_process | batch_size: 1
2024-05-13 07:43:59.660 D [test_yolo_detect] [201-test_yolo_detec] YoloDetectionInfer.cpp:77 pre_process | batch_size: 1
    Last message repeated 13 times
2024-05-13 07:44:00.169 D [test_yolo_detect] [201-test_yolo_detec] YoloDetectionInfer.cpp:77 pre_process | batch_size: 1
    Last message repeated 16 times
2024-05-13 07:44:00.686 D [test_yolo_detect] [201-test_yolo_detec] YoloDetectionInfer.cpp:77 pre_process | batch_size: 1
    Last message repeated 15 times
2024-05-13 07:44:00.686 D [test_yolo_detect] [201-test_yolo_detec] YoloDetectionInfer.cpp:77 pre_process | batch_size: 1
    Last message repeated 11 times
2024-05-13 07:44:01.046 E [test_yolo_detect] [201-test_yolo_detec] KeyframePostNode.cpp:98 handle_data | keyframe服务器已关闭
2024-05-13 07:44:01.069 D [test_yolo_detect] [201-test_yolo_detec] YoloDetectionInfer.cpp:77 pre_process | batch_size: 1
2024-05-13 07:44:01.614 D [test_yolo_detect] [201-test_yolo_detec] YoloDetectionInfer.cpp:77 pre_process | batch_size: 1
    Last message repeated 16 times
2024-05-13 07:44:02.122 D [test_yolo_detect] [201-test_yolo_detec] YoloDetectionInfer.cpp:77 pre_process | batch_size: 1
    Last message repeated 16 times
2024-05-13 07:44:02.635 D [test_yolo_detect] [201-test_yolo_detec] YoloDetectionInfer.cpp:77 pre_process | batch_size: 1
    Last message repeated 16 times
2024-05-13 07:44:02.635 D [test_yolo_detect] [201-test_yolo_detec] YoloDetectionInfer.cpp:77 pre_process | batch_size: 1
    Last message repeated 11 times
2024-05-13 07:44:03.080 E [test_yolo_detect] [201-test_yolo_detec] KeyframePostNode.cpp:98 handle_data | keyframe服务器已关闭
2024-05-13 07:44:03.083 D [test_yolo_detect] [201-test_yolo_detec] YoloDetectionInfer.cpp:77 pre_process | batch_size: 1
2024-05-13 07:44:03.596 D [test_yolo_detect] [201-test_yolo_detec] YoloDetectionInfer.cpp:77 pre_process | batch_size: 1
    Last message repeated 17 times
2024-05-13 07:44:04.135 D [test_yolo_detect] [201-test_yolo_detec] YoloDetectionInfer.cpp:77 pre_process | batch_size: 1
    Last message repeated 15 times
2024-05-13 07:44:04.667 D [test_yolo_detect] [201-test_yolo_detec] YoloDetectionInfer.cpp:77 pre_process | batch_size: 1
    Last message repeated 17 times
2024-05-13 07:44:04.667 D [test_yolo_detect] [201-test_yolo_detec] YoloDetectionInfer.cpp:77 pre_process | batch_size: 1
    Last message repeated 11 times
2024-05-13 07:44:05.037 E [test_yolo_detect] [201-test_yolo_detec] KeyframePostNode.cpp:98 handle_data | keyframe服务器已关闭
2024-05-13 07:44:05.056 D [test_yolo_detect] [201-test_yolo_detec] YoloDetectionInfer.cpp:77 pre_process | batch_size: 1
2024-05-13 07:44:05.587 D [test_yolo_detect] [201-test_yolo_detec] YoloDetectionInfer.cpp:77 pre_process | batch_size: 1
    Last message repeated 16 times
2024-05-13 07:44:06.107 D [test_yolo_detect] [201-test_yolo_detec] YoloDetectionInfer.cpp:77 pre_process | batch_size: 1
    Last message repeated 16 times
2024-05-13 07:44:06.625 D [test_yolo_detect] [201-test_yolo_detec] YoloDetectionInfer.cpp:77 pre_process | batch_size: 1
    Last message repeated 16 times
2024-05-13 07:44:06.625 D [test_yolo_detect] [201-test_yolo_detec] YoloDetectionInfer.cpp:77 pre_process | batch_size: 1
    Last message repeated 12 times
2024-05-13 07:44:07.042 E [test_yolo_detect] [201-test_yolo_detec] KeyframePostNode.cpp:98 handle_data | keyframe服务器已关闭
2024-05-13 07:44:07.059 D [test_yolo_detect] [201-test_yolo_detec] YoloDetectionInfer.cpp:77 pre_process | batch_size: 1
2024-05-13 07:44:07.568 D [test_yolo_detect] [201-test_yolo_detec] YoloDetectionInfer.cpp:77 pre_process | batch_size: 1
    Last message repeated 14 times
2024-05-13 07:44:08.081 D [test_yolo_detect] [201-test_yolo_detec] YoloDetectionInfer.cpp:77 pre_process | batch_size: 1
    Last message repeated 16 times
2024-05-13 07:44:08.611 D [test_yolo_detect] [201-test_yolo_detec] YoloDetectionInfer.cpp:77 pre_process | batch_size: 1
    Last message repeated 16 times
2024-05-13 07:44:08.611 D [test_yolo_detect] [201-test_yolo_detec] YoloDetectionInfer.cpp:77 pre_process | batch_size: 1
    Last message repeated 13 times
2024-05-13 07:44:09.055 E [test_yolo_detect] [201-test_yolo_detec] KeyframePostNode.cpp:98 handle_data | keyframe服务器已关闭
2024-05-13 07:44:09.056 D [test_yolo_detect] [201-test_yolo_detec] YoloDetectionInfer.cpp:77 pre_process | batch_size: 1
2024-05-13 07:44:09.565 D [test_yolo_detect] [201-test_yolo_detec] YoloDetectionInfer.cpp:77 pre_process | batch_size: 1
    Last message repeated 15 times
2024-05-13 07:44:19.405 D [test_yolo_detect] [201-test_yolo_detec] YoloDetectionInfer.cpp:77 pre_process | batch_size: 1
    Last message repeated 67 times
2024-05-13 07:44:19.405 D [test_yolo_detect] [201-test_yolo_detec] YoloDetectionInfer.cpp:77 pre_process | batch_size: 1
    Last message repeated 4 times
2024-05-13 07:44:19.446 E [test_yolo_detect] [201-test_yolo_detec] KeyframePostNode.cpp:98 handle_data | keyframe服务器已关闭
2024-05-13 07:44:19.463 D [test_yolo_detect] [201-test_yolo_detec] YoloDetectionInfer.cpp:77 pre_process | batch_size: 1
2024-05-13 07:44:19.970 D [test_yolo_detect] [201-test_yolo_detec] YoloDetectionInfer.cpp:77 pre_process | batch_size: 1
    Last message repeated 17 times
2024-05-13 07:44:20.493 D [test_yolo_detect] [201-test_yolo_detec] YoloDetectionInfer.cpp:77 pre_process | batch_size: 1
    Last message repeated 16 times
2024-05-13 07:44:21.037 D [test_yolo_detect] [201-test_yolo_detec] YoloDetectionInfer.cpp:77 pre_process | batch_size: 1
    Last message repeated 16 times
2024-05-13 07:44:21.557 D [test_yolo_detect] [201-test_yolo_detec] YoloDetectionInfer.cpp:77 pre_process | batch_size: 1
    Last message repeated 16 times
2024-05-13 07:44:22.089 D [test_yolo_detect] [201-test_yolo_detec] YoloDetectionInfer.cpp:77 pre_process | batch_size: 1
    Last message repeated 17 times
2024-05-13 07:44:22.596 D [test_yolo_detect] [201-test_yolo_detec] YoloDetectionInfer.cpp:77 pre_process | batch_size: 1
    Last message repeated 14 times
2024-05-13 07:44:22.596 D [test_yolo_detect] [201-test_yolo_detec] YoloDetectionInfer.cpp:77 pre_process | batch_size: 1
    Last message repeated 14 times
2024-05-13 07:44:23.047 E [test_yolo_detect] [201-test_yolo_detec] KeyframePostNode.cpp:98 handle_data | keyframe服务器已关闭
2024-05-13 07:44:23.069 D [test_yolo_detect] [201-test_yolo_detec] YoloDetectionInfer.cpp:77 pre_process | batch_size: 1
2024-05-13 07:44:23.589 D [test_yolo_detect] [201-test_yolo_detec] YoloDetectionInfer.cpp:77 pre_process | batch_size: 1
    Last message repeated 16 times
2024-05-13 07:44:24.108 D [test_yolo_detect] [201-test_yolo_detec] YoloDetectionInfer.cpp:77 pre_process | batch_size: 1
    Last message repeated 15 times
2024-05-13 07:44:24.624 D [test_yolo_detect] [201-test_yolo_detec] YoloDetectionInfer.cpp:77 pre_process | batch_size: 1
    Last message repeated 16 times
2024-05-13 07:44:24.624 D [test_yolo_detect] [201-test_yolo_detec] YoloDetectionInfer.cpp:77 pre_process | batch_size: 1
    Last message repeated 13 times
2024-05-13 07:44:25.048 E [test_yolo_detect] [201-test_yolo_detec] KeyframePostNode.cpp:98 handle_data | keyframe服务器已关闭
2024-05-13 07:44:25.113 D [test_yolo_detect] [201-test_yolo_detec] YoloDetectionInfer.cpp:77 pre_process | batch_size: 1
2024-05-13 07:44:25.649 D [test_yolo_detect] [201-test_yolo_detec] YoloDetectionInfer.cpp:77 pre_process | batch_size: 1
    Last message repeated 14 times
2024-05-13 07:44:26.178 D [test_yolo_detect] [201-test_yolo_detec] YoloDetectionInfer.cpp:77 pre_process | batch_size: 1
    Last message repeated 17 times
2024-05-13 07:44:26.696 D [test_yolo_detect] [201-test_yolo_detec] YoloDetectionInfer.cpp:77 pre_process | batch_size: 1
    Last message repeated 15 times
2024-05-13 07:44:26.696 D [test_yolo_detect] [201-test_yolo_detec] YoloDetectionInfer.cpp:77 pre_process | batch_size: 1
    Last message repeated 11 times
2024-05-13 07:44:27.061 E [test_yolo_detect] [201-test_yolo_detec] KeyframePostNode.cpp:98 handle_data | keyframe服务器已关闭
2024-05-13 07:44:27.076 D [test_yolo_detect] [201-test_yolo_detec] YoloDetectionInfer.cpp:77 pre_process | batch_size: 1
2024-05-13 07:44:27.733 D [test_yolo_detect] [201-test_yolo_detec] YoloDetectionInfer.cpp:77 pre_process | batch_size: 1
    Last message repeated 15 times
2024-05-13 07:44:28.236 D [test_yolo_detect] [201-test_yolo_detec] YoloDetectionInfer.cpp:77 pre_process | batch_size: 1
    Last message repeated 19 times
2024-05-13 07:44:28.758 D [test_yolo_detect] [201-test_yolo_detec] YoloDetectionInfer.cpp:77 pre_process | batch_size: 1
    Last message repeated 17 times
2024-05-13 07:44:28.758 D [test_yolo_detect] [201-test_yolo_detec] YoloDetectionInfer.cpp:77 pre_process | batch_size: 1
    Last message repeated 8 times
2024-05-13 07:44:29.060 E [test_yolo_detect] [201-test_yolo_detec] KeyframePostNode.cpp:98 handle_data | keyframe服务器已关闭
2024-05-13 07:44:29.072 D [test_yolo_detect] [201-test_yolo_detec] YoloDetectionInfer.cpp:77 pre_process | batch_size: 1
2024-05-13 07:44:29.602 D [test_yolo_detect] [201-test_yolo_detec] YoloDetectionInfer.cpp:77 pre_process | batch_size: 1
    Last message repeated 16 times
2024-05-13 07:44:30.139 D [test_yolo_detect] [201-test_yolo_detec] YoloDetectionInfer.cpp:77 pre_process | batch_size: 1
    Last message repeated 16 times
2024-05-13 07:44:30.659 D [test_yolo_detect] [201-test_yolo_detec] YoloDetectionInfer.cpp:77 pre_process | batch_size: 1
    Last message repeated 16 times
2024-05-13 07:44:30.659 D [test_yolo_detect] [201-test_yolo_detec] YoloDetectionInfer.cpp:77 pre_process | batch_size: 1
    Last message repeated 13 times
2024-05-13 07:44:31.074 E [test_yolo_detect] [201-test_yolo_detec] KeyframePostNode.cpp:98 handle_data | keyframe服务器已关闭
2024-05-13 07:44:31.099 D [test_yolo_detect] [201-test_yolo_detec] YoloDetectionInfer.cpp:77 pre_process | batch_size: 1
2024-05-13 07:44:31.601 D [test_yolo_detect] [201-test_yolo_detec] YoloDetectionInfer.cpp:77 pre_process | batch_size: 1
    Last message repeated 15 times
2024-05-13 07:44:32.108 D [test_yolo_detect] [201-test_yolo_detec] YoloDetectionInfer.cpp:77 pre_process | batch_size: 1
    Last message repeated 15 times
2024-05-13 07:44:32.627 D [test_yolo_detect] [201-test_yolo_detec] YoloDetectionInfer.cpp:77 pre_process | batch_size: 1
    Last message repeated 16 times
2024-05-13 07:44:32.627 D [test_yolo_detect] [201-test_yolo_detec] YoloDetectionInfer.cpp:77 pre_process | batch_size: 1
    Last message repeated 13 times
2024-05-13 07:44:33.055 E [test_yolo_detect] [201-test_yolo_detec] KeyframePostNode.cpp:98 handle_data | keyframe服务器已关闭
2024-05-13 07:44:33.077 D [test_yolo_detect] [201-test_yolo_detec] YoloDetectionInfer.cpp:77 pre_process | batch_size: 1
2024-05-13 07:44:33.586 D [test_yolo_detect] [201-test_yolo_detec] YoloDetectionInfer.cpp:77 pre_process | batch_size: 1
    Last message repeated 15 times
2024-05-13 07:44:34.093 D [test_yolo_detect] [201-test_yolo_detec] YoloDetectionInfer.cpp:77 pre_process | batch_size: 1
    Last message repeated 15 times
2024-05-13 07:44:34.608 D [test_yolo_detect] [201-test_yolo_detec] YoloDetectionInfer.cpp:77 pre_process | batch_size: 1
    Last message repeated 15 times
2024-05-13 07:44:34.608 D [test_yolo_detect] [201-test_yolo_detec] YoloDetectionInfer.cpp:77 pre_process | batch_size: 1
    Last message repeated 14 times
2024-05-13 07:44:35.076 E [test_yolo_detect] [201-test_yolo_detec] KeyframePostNode.cpp:98 handle_data | keyframe服务器已关闭
2024-05-13 07:44:35.087 D [test_yolo_detect] [201-test_yolo_detec] YoloDetectionInfer.cpp:77 pre_process | batch_size: 1
2024-05-13 07:44:35.612 D [test_yolo_detect] [201-test_yolo_detec] YoloDetectionInfer.cpp:77 pre_process | batch_size: 1
    Last message repeated 13 times
2024-05-13 07:44:36.125 D [test_yolo_detect] [201-test_yolo_detec] YoloDetectionInfer.cpp:77 pre_process | batch_size: 1
    Last message repeated 16 times
2024-05-13 07:44:36.642 D [test_yolo_detect] [201-test_yolo_detec] YoloDetectionInfer.cpp:77 pre_process | batch_size: 1
    Last message repeated 15 times
2024-05-13 07:44:36.642 D [test_yolo_detect] [201-test_yolo_detec] YoloDetectionInfer.cpp:77 pre_process | batch_size: 1
    Last message repeated 13 times
2024-05-13 07:44:37.047 E [test_yolo_detect] [201-test_yolo_detec] KeyframePostNode.cpp:98 handle_data | keyframe服务器已关闭
2024-05-13 07:44:37.072 D [test_yolo_detect] [201-test_yolo_detec] YoloDetectionInfer.cpp:77 pre_process | batch_size: 1
2024-05-13 07:44:37.587 D [test_yolo_detect] [201-test_yolo_detec] YoloDetectionInfer.cpp:77 pre_process | batch_size: 1
    Last message repeated 15 times
2024-05-13 07:44:38.097 D [test_yolo_detect] [201-test_yolo_detec] YoloDetectionInfer.cpp:77 pre_process | batch_size: 1
    Last message repeated 16 times
2024-05-13 07:44:38.616 D [test_yolo_detect] [201-test_yolo_detec] YoloDetectionInfer.cpp:77 pre_process | batch_size: 1
    Last message repeated 15 times
2024-05-13 07:44:38.616 D [test_yolo_detect] [201-test_yolo_detec] YoloDetectionInfer.cpp:77 pre_process | batch_size: 1
    Last message repeated 13 times
2024-05-13 07:44:39.051 E [test_yolo_detect] [201-test_yolo_detec] KeyframePostNode.cpp:98 handle_data | keyframe服务器已关闭
2024-05-13 07:44:39.051 D [test_yolo_detect] [201-test_yolo_detec] YoloDetectionInfer.cpp:77 pre_process | batch_size: 1
2024-05-13 07:44:39.564 D [test_yolo_detect] [201-test_yolo_detec] YoloDetectionInfer.cpp:77 pre_process | batch_size: 1
    Last message repeated 15 times
2024-05-13 07:44:40.073 D [test_yolo_detect] [201-test_yolo_detec] YoloDetectionInfer.cpp:77 pre_process | batch_size: 1
    Last message repeated 16 times
2024-05-13 07:44:40.606 D [test_yolo_detect] [201-test_yolo_detec] YoloDetectionInfer.cpp:77 pre_process | batch_size: 1
    Last message repeated 15 times
2024-05-13 07:44:40.606 D [test_yolo_detect] [201-test_yolo_detec] YoloDetectionInfer.cpp:77 pre_process | batch_size: 1
    Last message repeated 14 times
2024-05-13 07:44:41.068 E [test_yolo_detect] [201-test_yolo_detec] KeyframePostNode.cpp:98 handle_data | keyframe服务器已关闭
2024-05-13 07:44:41.087 D [test_yolo_detect] [201-test_yolo_detec] YoloDetectionInfer.cpp:77 pre_process | batch_size: 1
2024-05-13 07:44:41.605 D [test_yolo_detect] [201-test_yolo_detec] YoloDetectionInfer.cpp:77 pre_process | batch_size: 1
    Last message repeated 16 times
2024-05-13 07:44:42.116 D [test_yolo_detect] [201-test_yolo_detec] YoloDetectionInfer.cpp:77 pre_process | batch_size: 1
    Last message repeated 15 times
2024-05-13 07:44:42.647 D [test_yolo_detect] [201-test_yolo_detec] YoloDetectionInfer.cpp:77 pre_process | batch_size: 1
    Last message repeated 17 times
2024-05-13 07:44:42.647 D [test_yolo_detect] [201-test_yolo_detec] YoloDetectionInfer.cpp:77 pre_process | batch_size: 1
    Last message repeated 12 times
2024-05-13 07:44:43.059 E [test_yolo_detect] [201-test_yolo_detec] KeyframePostNode.cpp:98 handle_data | keyframe服务器已关闭
2024-05-13 07:44:43.077 D [test_yolo_detect] [201-test_yolo_detec] YoloDetectionInfer.cpp:77 pre_process | batch_size: 1
2024-05-13 07:44:43.629 D [test_yolo_detect] [201-test_yolo_detec] YoloDetectionInfer.cpp:77 pre_process | batch_size: 1
    Last message repeated 15 times
2024-05-13 07:44:44.135 D [test_yolo_detect] [201-test_yolo_detec] YoloDetectionInfer.cpp:77 pre_process | batch_size: 1
    Last message repeated 15 times
2024-05-13 07:44:44.661 D [test_yolo_detect] [201-test_yolo_detec] YoloDetectionInfer.cpp:77 pre_process | batch_size: 1
    Last message repeated 18 times
2024-05-13 07:44:44.661 D [test_yolo_detect] [201-test_yolo_detec] YoloDetectionInfer.cpp:77 pre_process | batch_size: 1
    Last message repeated 10 times
2024-05-13 07:44:45.043 E [test_yolo_detect] [201-test_yolo_detec] KeyframePostNode.cpp:98 handle_data | keyframe服务器已关闭
2024-05-13 07:44:45.060 D [test_yolo_detect] [201-test_yolo_detec] YoloDetectionInfer.cpp:77 pre_process | batch_size: 1
2024-05-13 07:44:45.572 D [test_yolo_detect] [201-test_yolo_detec] YoloDetectionInfer.cpp:77 pre_process | batch_size: 1
    Last message repeated 16 times
2024-05-13 07:44:46.075 D [test_yolo_detect] [201-test_yolo_detec] YoloDetectionInfer.cpp:77 pre_process | batch_size: 1
    Last message repeated 12 times
2024-05-13 07:44:46.605 D [test_yolo_detect] [201-test_yolo_detec] YoloDetectionInfer.cpp:77 pre_process | batch_size: 1
    Last message repeated 16 times
2024-05-13 07:44:46.605 D [test_yolo_detect] [201-test_yolo_detec] YoloDetectionInfer.cpp:77 pre_process | batch_size: 1
    Last message repeated 14 times
2024-05-13 07:44:47.087 E [test_yolo_detect] [201-test_yolo_detec] KeyframePostNode.cpp:98 handle_data | keyframe服务器已关闭
2024-05-13 07:44:47.093 D [test_yolo_detect] [201-test_yolo_detec] YoloDetectionInfer.cpp:77 pre_process | batch_size: 1
2024-05-13 07:44:47.618 D [test_yolo_detect] [201-test_yolo_detec] YoloDetectionInfer.cpp:77 pre_process | batch_size: 1
    Last message repeated 16 times
2024-05-13 07:44:48.129 D [test_yolo_detect] [201-test_yolo_detec] YoloDetectionInfer.cpp:77 pre_process | batch_size: 1
    Last message repeated 16 times
2024-05-13 07:44:48.638 D [test_yolo_detect] [201-test_yolo_detec] YoloDetectionInfer.cpp:77 pre_process | batch_size: 1
    Last message repeated 15 times
2024-05-13 07:44:48.638 D [test_yolo_detect] [201-test_yolo_detec] YoloDetectionInfer.cpp:77 pre_process | batch_size: 1
    Last message repeated 13 times
2024-05-13 07:44:49.062 E [test_yolo_detect] [201-test_yolo_detec] KeyframePostNode.cpp:98 handle_data | keyframe服务器已关闭
2024-05-13 07:44:49.083 D [test_yolo_detect] [201-test_yolo_detec] YoloDetectionInfer.cpp:77 pre_process | batch_size: 1
2024-05-13 07:44:49.601 D [test_yolo_detect] [201-test_yolo_detec] YoloDetectionInfer.cpp:77 pre_process | batch_size: 1
    Last message repeated 15 times
2024-05-13 07:44:50.109 D [test_yolo_detect] [201-test_yolo_detec] YoloDetectionInfer.cpp:77 pre_process | batch_size: 1
    Last message repeated 16 times
2024-05-13 07:44:50.620 D [test_yolo_detect] [201-test_yolo_detec] YoloDetectionInfer.cpp:77 pre_process | batch_size: 1
    Last message repeated 15 times
2024-05-13 07:44:50.620 D [test_yolo_detect] [201-test_yolo_detec] YoloDetectionInfer.cpp:77 pre_process | batch_size: 1
    Last message repeated 12 times
2024-05-13 07:44:51.050 E [test_yolo_detect] [201-test_yolo_detec] KeyframePostNode.cpp:98 handle_data | keyframe服务器已关闭
2024-05-13 07:44:51.108 D [test_yolo_detect] [201-test_yolo_detec] YoloDetectionInfer.cpp:77 pre_process | batch_size: 1
2024-05-13 07:44:51.627 D [test_yolo_detect] [201-test_yolo_detec] YoloDetectionInfer.cpp:77 pre_process | batch_size: 1
    Last message repeated 15 times
2024-05-13 07:44:52.134 D [test_yolo_detect] [201-test_yolo_detec] YoloDetectionInfer.cpp:77 pre_process | batch_size: 1
    Last message repeated 17 times
2024-05-13 07:44:52.683 D [test_yolo_detect] [201-test_yolo_detec] YoloDetectionInfer.cpp:77 pre_process | batch_size: 1
    Last message repeated 16 times
2024-05-13 07:44:52.683 D [test_yolo_detect] [201-test_yolo_detec] YoloDetectionInfer.cpp:77 pre_process | batch_size: 1
    Last message repeated 13 times
2024-05-13 07:44:53.064 E [test_yolo_detect] [201-test_yolo_detec] KeyframePostNode.cpp:98 handle_data | keyframe服务器已关闭
2024-05-13 07:44:53.089 D [test_yolo_detect] [201-test_yolo_detec] YoloDetectionInfer.cpp:77 pre_process | batch_size: 1
2024-05-13 07:44:53.600 D [test_yolo_detect] [201-test_yolo_detec] YoloDetectionInfer.cpp:77 pre_process | batch_size: 1
    Last message repeated 15 times
2024-05-13 07:44:54.108 D [test_yolo_detect] [201-test_yolo_detec] YoloDetectionInfer.cpp:77 pre_process | batch_size: 1
    Last message repeated 16 times
2024-05-13 07:44:54.613 D [test_yolo_detect] [201-test_yolo_detec] YoloDetectionInfer.cpp:77 pre_process | batch_size: 1
    Last message repeated 14 times
2024-05-13 07:44:54.613 D [test_yolo_detect] [201-test_yolo_detec] YoloDetectionInfer.cpp:77 pre_process | batch_size: 1
    Last message repeated 13 times
2024-05-13 07:44:55.045 E [test_yolo_detect] [201-test_yolo_detec] KeyframePostNode.cpp:98 handle_data | keyframe服务器已关闭
2024-05-13 07:44:55.050 D [test_yolo_detect] [201-test_yolo_detec] YoloDetectionInfer.cpp:77 pre_process | batch_size: 1
2024-05-13 07:44:55.573 D [test_yolo_detect] [201-test_yolo_detec] YoloDetectionInfer.cpp:77 pre_process | batch_size: 1
    Last message repeated 15 times
2024-05-13 07:44:56.108 D [test_yolo_detect] [201-test_yolo_detec] YoloDetectionInfer.cpp:77 pre_process | batch_size: 1
    Last message repeated 14 times
2024-05-13 07:44:56.632 D [test_yolo_detect] [201-test_yolo_detec] YoloDetectionInfer.cpp:77 pre_process | batch_size: 1
    Last message repeated 16 times
2024-05-13 07:44:56.632 D [test_yolo_detect] [201-test_yolo_detec] YoloDetectionInfer.cpp:77 pre_process | batch_size: 1
    Last message repeated 13 times
2024-05-13 07:44:57.049 E [test_yolo_detect] [201-test_yolo_detec] KeyframePostNode.cpp:98 handle_data | keyframe服务器已关闭
2024-05-13 07:44:57.077 D [test_yolo_detect] [201-test_yolo_detec] YoloDetectionInfer.cpp:77 pre_process | batch_size: 1
2024-05-13 07:44:57.599 D [test_yolo_detect] [201-test_yolo_detec] YoloDetectionInfer.cpp:77 pre_process | batch_size: 1
    Last message repeated 15 times
2024-05-13 07:44:58.128 D [test_yolo_detect] [201-test_yolo_detec] YoloDetectionInfer.cpp:77 pre_process | batch_size: 1
    Last message repeated 16 times
2024-05-13 07:44:58.647 D [test_yolo_detect] [201-test_yolo_detec] YoloDetectionInfer.cpp:77 pre_process | batch_size: 1
    Last message repeated 15 times
2024-05-13 07:44:59.159 D [test_yolo_detect] [201-test_yolo_detec] YoloDetectionInfer.cpp:77 pre_process | batch_size: 1
    Last message repeated 17 times
2024-05-13 07:44:59.669 D [test_yolo_detect] [201-test_yolo_detec] YoloDetectionInfer.cpp:77 pre_process | batch_size: 1
    Last message repeated 14 times
2024-05-13 07:45:00.206 D [test_yolo_detect] [201-test_yolo_detec] YoloDetectionInfer.cpp:77 pre_process | batch_size: 1
    Last message repeated 16 times
2024-05-13 07:45:00.722 D [test_yolo_detect] [201-test_yolo_detec] YoloDetectionInfer.cpp:77 pre_process | batch_size: 1
    Last message repeated 17 times
2024-05-13 07:45:01.236 D [test_yolo_detect] [201-test_yolo_detec] YoloDetectionInfer.cpp:77 pre_process | batch_size: 1
    Last message repeated 15 times
2024-05-13 07:45:01.772 D [test_yolo_detect] [201-test_yolo_detec] YoloDetectionInfer.cpp:77 pre_process | batch_size: 1
    Last message repeated 16 times
2024-05-13 07:45:02.296 D [test_yolo_detect] [201-test_yolo_detec] YoloDetectionInfer.cpp:77 pre_process | batch_size: 1
    Last message repeated 16 times
2024-05-13 07:45:02.809 D [test_yolo_detect] [201-test_yolo_detec] YoloDetectionInfer.cpp:77 pre_process | batch_size: 1
    Last message repeated 15 times
2024-05-13 07:45:02.809 D [test_yolo_detect] [201-test_yolo_detec] YoloDetectionInfer.cpp:77 pre_process | batch_size: 1
    Last message repeated 8 times
2024-05-13 07:45:03.047 E [test_yolo_detect] [201-test_yolo_detec] KeyframePostNode.cpp:98 handle_data | keyframe服务器已关闭
2024-05-13 07:45:03.056 D [test_yolo_detect] [201-test_yolo_detec] YoloDetectionInfer.cpp:77 pre_process | batch_size: 1
2024-05-13 07:45:03.558 D [test_yolo_detect] [201-test_yolo_detec] YoloDetectionInfer.cpp:77 pre_process | batch_size: 1
    Last message repeated 15 times
2024-05-13 07:45:04.104 D [test_yolo_detect] [201-test_yolo_detec] YoloDetectionInfer.cpp:77 pre_process | batch_size: 1
    Last message repeated 16 times
2024-05-13 07:45:04.642 D [test_yolo_detect] [201-test_yolo_detec] YoloDetectionInfer.cpp:77 pre_process | batch_size: 1
    Last message repeated 16 times
2024-05-13 07:45:04.642 D [test_yolo_detect] [201-test_yolo_detec] YoloDetectionInfer.cpp:77 pre_process | batch_size: 1
    Last message repeated 12 times
2024-05-13 07:45:05.055 E [test_yolo_detect] [201-test_yolo_detec] KeyframePostNode.cpp:98 handle_data | keyframe服务器已关闭
2024-05-13 07:45:05.069 D [test_yolo_detect] [201-test_yolo_detec] YoloDetectionInfer.cpp:77 pre_process | batch_size: 1
2024-05-13 07:45:05.577 D [test_yolo_detect] [201-test_yolo_detec] YoloDetectionInfer.cpp:77 pre_process | batch_size: 1
    Last message repeated 15 times
2024-05-13 07:45:06.093 D [test_yolo_detect] [201-test_yolo_detec] YoloDetectionInfer.cpp:77 pre_process | batch_size: 1
    Last message repeated 16 times
2024-05-13 07:45:06.655 D [test_yolo_detect] [201-test_yolo_detec] YoloDetectionInfer.cpp:77 pre_process | batch_size: 1
    Last message repeated 13 times
2024-05-13 07:45:06.655 D [test_yolo_detect] [201-test_yolo_detec] YoloDetectionInfer.cpp:77 pre_process | batch_size: 1
    Last message repeated 14 times
2024-05-13 07:45:07.088 E [test_yolo_detect] [201-test_yolo_detec] KeyframePostNode.cpp:98 handle_data | keyframe服务器已关闭
2024-05-13 07:45:07.115 D [test_yolo_detect] [201-test_yolo_detec] YoloDetectionInfer.cpp:77 pre_process | batch_size: 1
2024-05-13 07:45:07.634 D [test_yolo_detect] [201-test_yolo_detec] YoloDetectionInfer.cpp:77 pre_process | batch_size: 1
    Last message repeated 15 times
2024-05-13 07:45:08.135 D [test_yolo_detect] [201-test_yolo_detec] YoloDetectionInfer.cpp:77 pre_process | batch_size: 1
    Last message repeated 16 times
2024-05-13 07:45:08.659 D [test_yolo_detect] [201-test_yolo_detec] YoloDetectionInfer.cpp:77 pre_process | batch_size: 1
    Last message repeated 15 times
2024-05-13 07:45:08.659 D [test_yolo_detect] [201-test_yolo_detec] YoloDetectionInfer.cpp:77 pre_process | batch_size: 1
    Last message repeated 13 times
2024-05-13 07:45:09.068 E [test_yolo_detect] [201-test_yolo_detec] KeyframePostNode.cpp:98 handle_data | keyframe服务器已关闭
2024-05-13 07:45:09.090 D [test_yolo_detect] [201-test_yolo_detec] YoloDetectionInfer.cpp:77 pre_process | batch_size: 1
2024-05-13 07:45:09.612 D [test_yolo_detect] [201-test_yolo_detec] YoloDetectionInfer.cpp:77 pre_process | batch_size: 1
    Last message repeated 16 times
2024-05-13 07:45:10.129 D [test_yolo_detect] [201-test_yolo_detec] YoloDetectionInfer.cpp:77 pre_process | batch_size: 1
    Last message repeated 16 times
2024-05-13 07:45:10.643 D [test_yolo_detect] [201-test_yolo_detec] YoloDetectionInfer.cpp:77 pre_process | batch_size: 1
    Last message repeated 15 times
2024-05-13 07:45:10.643 D [test_yolo_detect] [201-test_yolo_detec] YoloDetectionInfer.cpp:77 pre_process | batch_size: 1
    Last message repeated 12 times
2024-05-13 07:45:11.052 E [test_yolo_detect] [201-test_yolo_detec] KeyframePostNode.cpp:98 handle_data | keyframe服务器已关闭
2024-05-13 07:45:11.069 D [test_yolo_detect] [201-test_yolo_detec] YoloDetectionInfer.cpp:77 pre_process | batch_size: 1
2024-05-13 07:45:11.577 D [test_yolo_detect] [201-test_yolo_detec] YoloDetectionInfer.cpp:77 pre_process | batch_size: 1
    Last message repeated 15 times
2024-05-13 07:45:12.088 D [test_yolo_detect] [201-test_yolo_detec] YoloDetectionInfer.cpp:77 pre_process | batch_size: 1
    Last message repeated 16 times
2024-05-13 07:45:12.598 D [test_yolo_detect] [201-test_yolo_detec] YoloDetectionInfer.cpp:77 pre_process | batch_size: 1
    Last message repeated 15 times
2024-05-13 07:45:12.598 D [test_yolo_detect] [201-test_yolo_detec] YoloDetectionInfer.cpp:77 pre_process | batch_size: 1
    Last message repeated 15 times
2024-05-13 07:45:13.081 E [test_yolo_detect] [201-test_yolo_detec] KeyframePostNode.cpp:98 handle_data | keyframe服务器已关闭
2024-05-13 07:45:13.098 D [test_yolo_detect] [201-test_yolo_detec] YoloDetectionInfer.cpp:77 pre_process | batch_size: 1
2024-05-13 07:45:13.632 D [test_yolo_detect] [201-test_yolo_detec] YoloDetectionInfer.cpp:77 pre_process | batch_size: 1
    Last message repeated 13 times
2024-05-13 07:45:14.138 D [test_yolo_detect] [201-test_yolo_detec] YoloDetectionInfer.cpp:77 pre_process | batch_size: 1
    Last message repeated 17 times
2024-05-13 07:45:14.661 D [test_yolo_detect] [201-test_yolo_detec] YoloDetectionInfer.cpp:77 pre_process | batch_size: 1
    Last message repeated 18 times
2024-05-13 07:45:14.661 D [test_yolo_detect] [201-test_yolo_detec] YoloDetectionInfer.cpp:77 pre_process | batch_size: 1
    Last message repeated 11 times
2024-05-13 07:45:15.059 E [test_yolo_detect] [201-test_yolo_detec] KeyframePostNode.cpp:98 handle_data | keyframe服务器已关闭
2024-05-13 07:45:15.065 D [test_yolo_detect] [201-test_yolo_detec] YoloDetectionInfer.cpp:77 pre_process | batch_size: 1
2024-05-13 07:45:15.568 D [test_yolo_detect] [201-test_yolo_detec] YoloDetectionInfer.cpp:77 pre_process | batch_size: 1
    Last message repeated 14 times
2024-05-13 07:45:16.090 D [test_yolo_detect] [201-test_yolo_detec] YoloDetectionInfer.cpp:77 pre_process | batch_size: 1
    Last message repeated 16 times
2024-05-13 07:45:16.597 D [test_yolo_detect] [201-test_yolo_detec] YoloDetectionInfer.cpp:77 pre_process | batch_size: 1
    Last message repeated 16 times
2024-05-13 07:45:16.597 D [test_yolo_detect] [201-test_yolo_detec] YoloDetectionInfer.cpp:77 pre_process | batch_size: 1
    Last message repeated 15 times
2024-05-13 07:45:17.083 E [test_yolo_detect] [201-test_yolo_detec] KeyframePostNode.cpp:98 handle_data | keyframe服务器已关闭
2024-05-13 07:45:17.130 D [test_yolo_detect] [201-test_yolo_detec] YoloDetectionInfer.cpp:77 pre_process | batch_size: 1
2024-05-13 07:45:17.635 D [test_yolo_detect] [201-test_yolo_detec] YoloDetectionInfer.cpp:77 pre_process | batch_size: 1
    Last message repeated 16 times
2024-05-13 07:45:18.171 D [test_yolo_detect] [201-test_yolo_detec] YoloDetectionInfer.cpp:77 pre_process | batch_size: 1
    Last message repeated 16 times
2024-05-13 07:45:18.713 D [test_yolo_detect] [201-test_yolo_detec] YoloDetectionInfer.cpp:77 pre_process | batch_size: 1
    Last message repeated 16 times
2024-05-13 07:45:19.251 D [test_yolo_detect] [201-test_yolo_detec] YoloDetectionInfer.cpp:77 pre_process | batch_size: 1
    Last message repeated 17 times
2024-05-13 07:45:19.756 D [test_yolo_detect] [201-test_yolo_detec] YoloDetectionInfer.cpp:77 pre_process | batch_size: 1
    Last message repeated 15 times
2024-05-13 07:45:20.281 D [test_yolo_detect] [201-test_yolo_detec] YoloDetectionInfer.cpp:77 pre_process | batch_size: 1
    Last message repeated 16 times
2024-05-13 07:45:20.786 D [test_yolo_detect] [201-test_yolo_detec] YoloDetectionInfer.cpp:77 pre_process | batch_size: 1
    Last message repeated 15 times
2024-05-13 07:45:20.786 D [test_yolo_detect] [201-test_yolo_detec] YoloDetectionInfer.cpp:77 pre_process | batch_size: 1
    Last message repeated 9 times
2024-05-13 07:45:21.080 E [test_yolo_detect] [201-test_yolo_detec] KeyframePostNode.cpp:98 handle_data | keyframe服务器已关闭
2024-05-13 07:45:21.099 D [test_yolo_detect] [201-test_yolo_detec] YoloDetectionInfer.cpp:77 pre_process | batch_size: 1
2024-05-13 07:45:21.657 D [test_yolo_detect] [201-test_yolo_detec] YoloDetectionInfer.cpp:77 pre_process | batch_size: 1
    Last message repeated 16 times
2024-05-13 07:45:22.164 D [test_yolo_detect] [201-test_yolo_detec] YoloDetectionInfer.cpp:77 pre_process | batch_size: 1
    Last message repeated 16 times
2024-05-13 07:45:22.689 D [test_yolo_detect] [201-test_yolo_detec] YoloDetectionInfer.cpp:77 pre_process | batch_size: 1
    Last message repeated 16 times
2024-05-13 07:45:22.689 D [test_yolo_detect] [201-test_yolo_detec] YoloDetectionInfer.cpp:77 pre_process | batch_size: 1
    Last message repeated 11 times
2024-05-13 07:45:23.083 E [test_yolo_detect] [201-test_yolo_detec] KeyframePostNode.cpp:98 handle_data | keyframe服务器已关闭
2024-05-13 07:45:23.092 D [test_yolo_detect] [201-test_yolo_detec] YoloDetectionInfer.cpp:77 pre_process | batch_size: 1
2024-05-13 07:45:23.602 D [test_yolo_detect] [201-test_yolo_detec] YoloDetectionInfer.cpp:77 pre_process | batch_size: 1
    Last message repeated 16 times
2024-05-13 07:45:24.134 D [test_yolo_detect] [201-test_yolo_detec] YoloDetectionInfer.cpp:77 pre_process | batch_size: 1
    Last message repeated 16 times
2024-05-13 07:45:24.654 D [test_yolo_detect] [201-test_yolo_detec] YoloDetectionInfer.cpp:77 pre_process | batch_size: 1
    Last message repeated 13 times
2024-05-13 07:45:24.654 D [test_yolo_detect] [201-test_yolo_detec] YoloDetectionInfer.cpp:77 pre_process | batch_size: 1
    Last message repeated 12 times
2024-05-13 07:45:25.106 E [test_yolo_detect] [201-test_yolo_detec] KeyframePostNode.cpp:98 handle_data | keyframe服务器已关闭
2024-05-13 07:45:25.143 D [test_yolo_detect] [201-test_yolo_detec] YoloDetectionInfer.cpp:77 pre_process | batch_size: 1
2024-05-13 07:45:25.645 D [test_yolo_detect] [201-test_yolo_detec] YoloDetectionInfer.cpp:77 pre_process | batch_size: 1
    Last message repeated 16 times
2024-05-13 07:45:26.158 D [test_yolo_detect] [201-test_yolo_detec] YoloDetectionInfer.cpp:77 pre_process | batch_size: 1
    Last message repeated 16 times
2024-05-13 07:45:26.671 D [test_yolo_detect] [201-test_yolo_detec] YoloDetectionInfer.cpp:77 pre_process | batch_size: 1
    Last message repeated 15 times
2024-05-13 07:45:26.671 D [test_yolo_detect] [201-test_yolo_detec] YoloDetectionInfer.cpp:77 pre_process | batch_size: 1
    Last message repeated 11 times
2024-05-13 07:45:27.050 E [test_yolo_detect] [201-test_yolo_detec] KeyframePostNode.cpp:98 handle_data | keyframe服务器已关闭
2024-05-13 07:45:27.077 D [test_yolo_detect] [201-test_yolo_detec] YoloDetectionInfer.cpp:77 pre_process | batch_size: 1
2024-05-13 07:45:27.589 D [test_yolo_detect] [201-test_yolo_detec] YoloDetectionInfer.cpp:77 pre_process | batch_size: 1
    Last message repeated 16 times
2024-05-13 07:45:28.108 D [test_yolo_detect] [201-test_yolo_detec] YoloDetectionInfer.cpp:77 pre_process | batch_size: 1
    Last message repeated 16 times
2024-05-13 07:45:28.639 D [test_yolo_detect] [201-test_yolo_detec] YoloDetectionInfer.cpp:77 pre_process | batch_size: 1
    Last message repeated 15 times
2024-05-13 07:45:28.639 D [test_yolo_detect] [201-test_yolo_detec] YoloDetectionInfer.cpp:77 pre_process | batch_size: 1
    Last message repeated 14 times
2024-05-13 07:45:29.067 E [test_yolo_detect] [201-test_yolo_detec] KeyframePostNode.cpp:98 handle_data | keyframe服务器已关闭
2024-05-13 07:45:29.101 D [test_yolo_detect] [201-test_yolo_detec] YoloDetectionInfer.cpp:77 pre_process | batch_size: 1
2024-05-13 07:45:29.609 D [test_yolo_detect] [201-test_yolo_detec] YoloDetectionInfer.cpp:77 pre_process | batch_size: 1
    Last message repeated 16 times
2024-05-13 07:45:30.134 D [test_yolo_detect] [201-test_yolo_detec] YoloDetectionInfer.cpp:77 pre_process | batch_size: 1
    Last message repeated 16 times
2024-05-13 07:45:30.643 D [test_yolo_detect] [201-test_yolo_detec] YoloDetectionInfer.cpp:77 pre_process | batch_size: 1
    Last message repeated 15 times
2024-05-13 07:45:30.643 D [test_yolo_detect] [201-test_yolo_detec] YoloDetectionInfer.cpp:77 pre_process | batch_size: 1
    Last message repeated 13 times
2024-05-13 07:45:31.097 E [test_yolo_detect] [201-test_yolo_detec] KeyframePostNode.cpp:98 handle_data | keyframe服务器已关闭
2024-05-13 07:45:31.108 D [test_yolo_detect] [201-test_yolo_detec] YoloDetectionInfer.cpp:77 pre_process | batch_size: 1
2024-05-13 07:45:31.616 D [test_yolo_detect] [201-test_yolo_detec] YoloDetectionInfer.cpp:77 pre_process | batch_size: 1
    Last message repeated 15 times
2024-05-13 07:45:32.125 D [test_yolo_detect] [201-test_yolo_detec] YoloDetectionInfer.cpp:77 pre_process | batch_size: 1
    Last message repeated 16 times
2024-05-13 07:45:32.632 D [test_yolo_detect] [201-test_yolo_detec] YoloDetectionInfer.cpp:77 pre_process | batch_size: 1
    Last message repeated 15 times
2024-05-13 07:45:32.632 D [test_yolo_detect] [201-test_yolo_detec] YoloDetectionInfer.cpp:77 pre_process | batch_size: 1
    Last message repeated 13 times
2024-05-13 07:45:33.064 E [test_yolo_detect] [201-test_yolo_detec] KeyframePostNode.cpp:98 handle_data | keyframe服务器已关闭
2024-05-13 07:45:33.078 D [test_yolo_detect] [201-test_yolo_detec] YoloDetectionInfer.cpp:77 pre_process | batch_size: 1
2024-05-13 07:45:33.587 D [test_yolo_detect] [201-test_yolo_detec] YoloDetectionInfer.cpp:77 pre_process | batch_size: 1
    Last message repeated 15 times
2024-05-13 07:45:34.090 D [test_yolo_detect] [201-test_yolo_detec] YoloDetectionInfer.cpp:77 pre_process | batch_size: 1
    Last message repeated 15 times
2024-05-13 07:45:34.613 D [test_yolo_detect] [201-test_yolo_detec] YoloDetectionInfer.cpp:77 pre_process | batch_size: 1
    Last message repeated 16 times
2024-05-13 07:45:34.613 D [test_yolo_detect] [201-test_yolo_detec] YoloDetectionInfer.cpp:77 pre_process | batch_size: 1
    Last message repeated 11 times
2024-05-13 07:45:35.079 E [test_yolo_detect] [201-test_yolo_detec] KeyframePostNode.cpp:98 handle_data | keyframe服务器已关闭
2024-05-13 07:45:35.109 D [test_yolo_detect] [201-test_yolo_detec] YoloDetectionInfer.cpp:77 pre_process | batch_size: 1
2024-05-13 07:45:35.612 D [test_yolo_detect] [201-test_yolo_detec] YoloDetectionInfer.cpp:77 pre_process | batch_size: 1
    Last message repeated 16 times
2024-05-13 07:45:36.139 D [test_yolo_detect] [201-test_yolo_detec] YoloDetectionInfer.cpp:77 pre_process | batch_size: 1
    Last message repeated 16 times
2024-05-13 07:45:36.646 D [test_yolo_detect] [201-test_yolo_detec] YoloDetectionInfer.cpp:77 pre_process | batch_size: 1
    Last message repeated 15 times
2024-05-13 07:45:37.154 D [test_yolo_detect] [201-test_yolo_detec] YoloDetectionInfer.cpp:77 pre_process | batch_size: 1
    Last message repeated 15 times
2024-05-13 07:45:37.659 D [test_yolo_detect] [201-test_yolo_detec] YoloDetectionInfer.cpp:77 pre_process | batch_size: 1
    Last message repeated 15 times
2024-05-13 07:45:38.194 D [test_yolo_detect] [201-test_yolo_detec] YoloDetectionInfer.cpp:77 pre_process | batch_size: 1
    Last message repeated 17 times
2024-05-13 07:45:38.714 D [test_yolo_detect] [201-test_yolo_detec] YoloDetectionInfer.cpp:77 pre_process | batch_size: 1
    Last message repeated 16 times
2024-05-13 07:45:39.216 D [test_yolo_detect] [201-test_yolo_detec] YoloDetectionInfer.cpp:77 pre_process | batch_size: 1
    Last message repeated 15 times
2024-05-13 07:45:39.783 D [test_yolo_detect] [201-test_yolo_detec] YoloDetectionInfer.cpp:77 pre_process | batch_size: 1
    Last message repeated 16 times
2024-05-13 07:45:40.292 D [test_yolo_detect] [201-test_yolo_detec] YoloDetectionInfer.cpp:77 pre_process | batch_size: 1
    Last message repeated 16 times
2024-05-13 07:45:40.806 D [test_yolo_detect] [201-test_yolo_detec] YoloDetectionInfer.cpp:77 pre_process | batch_size: 1
    Last message repeated 15 times
2024-05-13 07:45:41.322 D [test_yolo_detect] [201-test_yolo_detec] YoloDetectionInfer.cpp:77 pre_process | batch_size: 1
    Last message repeated 17 times
2024-05-13 07:45:41.846 D [test_yolo_detect] [201-test_yolo_detec] YoloDetectionInfer.cpp:77 pre_process | batch_size: 1
    Last message repeated 16 times
2024-05-13 07:45:42.347 D [test_yolo_detect] [201-test_yolo_detec] YoloDetectionInfer.cpp:77 pre_process | batch_size: 1
    Last message repeated 15 times
2024-05-13 07:45:42.875 D [test_yolo_detect] [201-test_yolo_detec] YoloDetectionInfer.cpp:77 pre_process | batch_size: 1
    Last message repeated 15 times
2024-05-13 07:45:43.380 D [test_yolo_detect] [201-test_yolo_detec] YoloDetectionInfer.cpp:77 pre_process | batch_size: 1
    Last message repeated 15 times
2024-05-13 07:45:43.896 D [test_yolo_detect] [201-test_yolo_detec] YoloDetectionInfer.cpp:77 pre_process | batch_size: 1
    Last message repeated 17 times
2024-05-13 07:45:44.429 D [test_yolo_detect] [201-test_yolo_detec] YoloDetectionInfer.cpp:77 pre_process | batch_size: 1
    Last message repeated 16 times
2024-05-13 07:45:44.956 D [test_yolo_detect] [201-test_yolo_detec] YoloDetectionInfer.cpp:77 pre_process | batch_size: 1
    Last message repeated 16 times
2024-05-13 07:45:45.475 D [test_yolo_detect] [201-test_yolo_detec] YoloDetectionInfer.cpp:77 pre_process | batch_size: 1
    Last message repeated 11 times
2024-05-13 07:45:45.990 D [test_yolo_detect] [201-test_yolo_detec] YoloDetectionInfer.cpp:77 pre_process | batch_size: 1
    Last message repeated 16 times
2024-05-13 07:45:46.514 D [test_yolo_detect] [201-test_yolo_detec] YoloDetectionInfer.cpp:77 pre_process | batch_size: 1
    Last message repeated 16 times
2024-05-13 07:45:47.045 D [test_yolo_detect] [201-test_yolo_detec] YoloDetectionInfer.cpp:77 pre_process | batch_size: 1
    Last message repeated 17 times
2024-05-13 07:45:47.552 D [test_yolo_detect] [201-test_yolo_detec] YoloDetectionInfer.cpp:77 pre_process | batch_size: 1
    Last message repeated 15 times
2024-05-13 07:45:48.082 D [test_yolo_detect] [201-test_yolo_detec] YoloDetectionInfer.cpp:77 pre_process | batch_size: 1
    Last message repeated 15 times
2024-05-13 07:45:48.616 D [test_yolo_detect] [201-test_yolo_detec] YoloDetectionInfer.cpp:77 pre_process | batch_size: 1
    Last message repeated 17 times
2024-05-13 07:45:49.135 D [test_yolo_detect] [201-test_yolo_detec] YoloDetectionInfer.cpp:77 pre_process | batch_size: 1
    Last message repeated 16 times
2024-05-13 07:45:49.667 D [test_yolo_detect] [201-test_yolo_detec] YoloDetectionInfer.cpp:77 pre_process | batch_size: 1
    Last message repeated 16 times
2024-05-13 07:45:50.193 D [test_yolo_detect] [201-test_yolo_detec] YoloDetectionInfer.cpp:77 pre_process | batch_size: 1
    Last message repeated 16 times
2024-05-13 07:45:50.709 D [test_yolo_detect] [201-test_yolo_detec] YoloDetectionInfer.cpp:77 pre_process | batch_size: 1
    Last message repeated 15 times
2024-05-13 07:45:51.238 D [test_yolo_detect] [201-test_yolo_detec] YoloDetectionInfer.cpp:77 pre_process | batch_size: 1
    Last message repeated 17 times
2024-05-13 07:45:51.761 D [test_yolo_detect] [201-test_yolo_detec] YoloDetectionInfer.cpp:77 pre_process | batch_size: 1
    Last message repeated 15 times
2024-05-13 07:45:52.268 D [test_yolo_detect] [201-test_yolo_detec] YoloDetectionInfer.cpp:77 pre_process | batch_size: 1
    Last message repeated 16 times
2024-05-13 07:45:52.785 D [test_yolo_detect] [201-test_yolo_detec] YoloDetectionInfer.cpp:77 pre_process | batch_size: 1
    Last message repeated 15 times
2024-05-13 07:45:53.299 D [test_yolo_detect] [201-test_yolo_detec] YoloDetectionInfer.cpp:77 pre_process | batch_size: 1
    Last message repeated 16 times
2024-05-13 07:45:53.803 D [test_yolo_detect] [201-test_yolo_detec] YoloDetectionInfer.cpp:77 pre_process | batch_size: 1
    Last message repeated 15 times
2024-05-13 07:45:54.323 D [test_yolo_detect] [201-test_yolo_detec] YoloDetectionInfer.cpp:77 pre_process | batch_size: 1
    Last message repeated 16 times
2024-05-13 07:45:54.832 D [test_yolo_detect] [201-test_yolo_detec] YoloDetectionInfer.cpp:77 pre_process | batch_size: 1
    Last message repeated 15 times
2024-05-13 07:45:55.339 D [test_yolo_detect] [201-test_yolo_detec] YoloDetectionInfer.cpp:77 pre_process | batch_size: 1
    Last message repeated 13 times
2024-05-13 07:45:55.849 D [test_yolo_detect] [201-test_yolo_detec] YoloDetectionInfer.cpp:77 pre_process | batch_size: 1
    Last message repeated 15 times
2024-05-13 07:45:56.369 D [test_yolo_detect] [201-test_yolo_detec] YoloDetectionInfer.cpp:77 pre_process | batch_size: 1
    Last message repeated 16 times
2024-05-13 07:45:56.878 D [test_yolo_detect] [201-test_yolo_detec] YoloDetectionInfer.cpp:77 pre_process | batch_size: 1
    Last message repeated 15 times
2024-05-13 07:45:57.387 D [test_yolo_detect] [201-test_yolo_detec] YoloDetectionInfer.cpp:77 pre_process | batch_size: 1
    Last message repeated 16 times
2024-05-13 07:45:57.903 D [test_yolo_detect] [201-test_yolo_detec] YoloDetectionInfer.cpp:77 pre_process | batch_size: 1
    Last message repeated 15 times
2024-05-13 07:45:58.437 D [test_yolo_detect] [201-test_yolo_detec] YoloDetectionInfer.cpp:77 pre_process | batch_size: 1
    Last message repeated 16 times
2024-05-13 07:45:58.963 D [test_yolo_detect] [201-test_yolo_detec] YoloDetectionInfer.cpp:77 pre_process | batch_size: 1
    Last message repeated 16 times
2024-05-13 07:45:59.483 D [test_yolo_detect] [201-test_yolo_detec] YoloDetectionInfer.cpp:77 pre_process | batch_size: 1
    Last message repeated 17 times
2024-05-13 07:46:00.011 D [test_yolo_detect] [201-test_yolo_detec] YoloDetectionInfer.cpp:77 pre_process | batch_size: 1
    Last message repeated 16 times
2024-05-13 07:46:00.530 D [test_yolo_detect] [201-test_yolo_detec] YoloDetectionInfer.cpp:77 pre_process | batch_size: 1
    Last message repeated 15 times
2024-05-13 07:46:01.034 D [test_yolo_detect] [201-test_yolo_detec] YoloDetectionInfer.cpp:77 pre_process | batch_size: 1
    Last message repeated 15 times
2024-05-13 07:46:01.537 D [test_yolo_detect] [201-test_yolo_detec] YoloDetectionInfer.cpp:77 pre_process | batch_size: 1
    Last message repeated 16 times
2024-05-13 07:46:02.063 D [test_yolo_detect] [201-test_yolo_detec] YoloDetectionInfer.cpp:77 pre_process | batch_size: 1
    Last message repeated 16 times
2024-05-13 07:46:02.571 D [test_yolo_detect] [201-test_yolo_detec] YoloDetectionInfer.cpp:77 pre_process | batch_size: 1
    Last message repeated 15 times
2024-05-13 07:46:03.086 D [test_yolo_detect] [201-test_yolo_detec] YoloDetectionInfer.cpp:77 pre_process | batch_size: 1
    Last message repeated 16 times
2024-05-13 07:46:03.595 D [test_yolo_detect] [201-test_yolo_detec] YoloDetectionInfer.cpp:77 pre_process | batch_size: 1
    Last message repeated 15 times
2024-05-13 07:46:03.595 D [test_yolo_detect] [201-test_yolo_detec] YoloDetectionInfer.cpp:77 pre_process | batch_size: 1
    Last message repeated 2 times
2024-05-13 07:46:05.043 I [test_yolo_detect] [201-test_yolo_detec] logger.cpp:87 ~Logger | 
2024-05-13 07:47:09.774 E [test_yolo_detect] [372-test_yolo_detec] FFmpegReadNode.cpp:54 worker | read error
2024-05-13 07:47:09.774 E [test_yolo_detect] [372-test_yolo_detec] FFmpegReadNode.cpp:56 worker | 读取节点错误，重连中。。。
2024-05-13 07:47:11.154 E [test_yolo_detect] [372-test_yolo_detec] FFmpegReadNode.cpp:97 Init | open url rtmp://video-pull.eflyyzh.com/ai/srcfailed
2024-05-13 07:47:11.154 E [test_yolo_detect] [372-test_yolo_detec] FFmpegReadNode.cpp:63 worker | 读取节点重连中...[第0次]
2024-05-13 07:47:12.184 E [test_yolo_detect] [372-test_yolo_detec] FFmpegReadNode.cpp:97 Init | open url rtmp://video-pull.eflyyzh.com/ai/srcfailed
2024-05-13 07:47:12.184 E [test_yolo_detect] [372-test_yolo_detec] FFmpegReadNode.cpp:63 worker | 读取节点重连中...[第1次]
2024-05-13 07:47:13.304 E [test_yolo_detect] [372-test_yolo_detec] FFmpegReadNode.cpp:97 Init | open url rtmp://video-pull.eflyyzh.com/ai/srcfailed
2024-05-13 07:47:13.304 E [test_yolo_detect] [372-test_yolo_detec] FFmpegReadNode.cpp:63 worker | 读取节点重连中...[第2次]
2024-05-13 07:47:14.283 E [test_yolo_detect] [372-test_yolo_detec] FFmpegReadNode.cpp:97 Init | open url rtmp://video-pull.eflyyzh.com/ai/srcfailed
2024-05-13 07:47:14.283 E [test_yolo_detect] [372-test_yolo_detec] FFmpegReadNode.cpp:63 worker | 读取节点重连中...[第3次]
2024-05-13 07:47:15.323 E [test_yolo_detect] [372-test_yolo_detec] FFmpegReadNode.cpp:97 Init | open url rtmp://video-pull.eflyyzh.com/ai/srcfailed
2024-05-13 07:47:15.323 E [test_yolo_detect] [372-test_yolo_detec] FFmpegReadNode.cpp:63 worker | 读取节点重连中...[第4次]
2024-05-13 07:47:15.353 E [test_yolo_detect] [372-test_yolo_detec] FFmpegReadNode.cpp:54 worker | read error
2024-05-13 07:47:15.353 E [test_yolo_detect] [372-test_yolo_detec] FFmpegReadNode.cpp:56 worker | 读取节点错误，重连中。。。
2024-05-13 07:47:16.444 E [test_yolo_detect] [372-test_yolo_detec] FFmpegReadNode.cpp:97 Init | open url rtmp://video-pull.eflyyzh.com/ai/srcfailed
2024-05-13 07:47:16.444 E [test_yolo_detect] [372-test_yolo_detec] FFmpegReadNode.cpp:63 worker | 读取节点重连中...[第0次]
2024-05-13 07:47:17.634 E [test_yolo_detect] [372-test_yolo_detec] FFmpegReadNode.cpp:97 Init | open url rtmp://video-pull.eflyyzh.com/ai/srcfailed
2024-05-13 07:47:17.634 E [test_yolo_detect] [372-test_yolo_detec] FFmpegReadNode.cpp:63 worker | 读取节点重连中...[第1次]
2024-05-13 07:47:18.724 E [test_yolo_detect] [372-test_yolo_detec] FFmpegReadNode.cpp:97 Init | open url rtmp://video-pull.eflyyzh.com/ai/srcfailed
2024-05-13 07:47:18.724 E [test_yolo_detect] [372-test_yolo_detec] FFmpegReadNode.cpp:63 worker | 读取节点重连中...[第2次]
2024-05-13 07:47:19.765 E [test_yolo_detect] [372-test_yolo_detec] FFmpegReadNode.cpp:97 Init | open url rtmp://video-pull.eflyyzh.com/ai/srcfailed
2024-05-13 07:47:19.765 E [test_yolo_detect] [372-test_yolo_detec] FFmpegReadNode.cpp:63 worker | 读取节点重连中...[第3次]
2024-05-13 07:47:20.798 E [test_yolo_detect] [372-test_yolo_detec] FFmpegReadNode.cpp:97 Init | open url rtmp://video-pull.eflyyzh.com/ai/srcfailed
2024-05-13 07:47:20.798 E [test_yolo_detect] [372-test_yolo_detec] FFmpegReadNode.cpp:63 worker | 读取节点重连中...[第4次]
2024-05-13 07:47:20.828 E [test_yolo_detect] [372-test_yolo_detec] FFmpegReadNode.cpp:54 worker | read error
2024-05-13 07:47:20.828 E [test_yolo_detect] [372-test_yolo_detec] FFmpegReadNode.cpp:56 worker | 读取节点错误，重连中。。。
2024-05-13 07:47:21.605 E [test_yolo_detect] [372-test_yolo_detec] FFmpegReadNode.cpp:97 Init | open url rtmp://video-pull.eflyyzh.com/ai/srcfailed
2024-05-13 07:47:21.605 E [test_yolo_detect] [372-test_yolo_detec] FFmpegReadNode.cpp:63 worker | 读取节点重连中...[第0次]
2024-05-13 07:47:22.608 E [test_yolo_detect] [372-test_yolo_detec] FFmpegReadNode.cpp:97 Init | open url rtmp://video-pull.eflyyzh.com/ai/srcfailed
2024-05-13 07:47:22.608 E [test_yolo_detect] [372-test_yolo_detec] FFmpegReadNode.cpp:63 worker | 读取节点重连中...[第1次]
2024-05-13 07:47:23.534 E [test_yolo_detect] [372-test_yolo_detec] FFmpegReadNode.cpp:97 Init | open url rtmp://video-pull.eflyyzh.com/ai/srcfailed
2024-05-13 07:47:23.534 E [test_yolo_detect] [372-test_yolo_detec] FFmpegReadNode.cpp:63 worker | 读取节点重连中...[第2次]
2024-05-13 07:47:24.735 E [test_yolo_detect] [372-test_yolo_detec] FFmpegReadNode.cpp:97 Init | open url rtmp://video-pull.eflyyzh.com/ai/srcfailed
2024-05-13 07:47:24.735 E [test_yolo_detect] [372-test_yolo_detec] FFmpegReadNode.cpp:63 worker | 读取节点重连中...[第3次]
2024-05-13 07:47:25.964 E [test_yolo_detect] [372-test_yolo_detec] FFmpegReadNode.cpp:97 Init | open url rtmp://video-pull.eflyyzh.com/ai/srcfailed
2024-05-13 07:47:25.964 E [test_yolo_detect] [372-test_yolo_detec] FFmpegReadNode.cpp:63 worker | 读取节点重连中...[第4次]
2024-05-13 07:47:25.994 E [test_yolo_detect] [372-test_yolo_detec] FFmpegReadNode.cpp:54 worker | read error
2024-05-13 07:47:25.994 E [test_yolo_detect] [372-test_yolo_detec] FFmpegReadNode.cpp:56 worker | 读取节点错误，重连中。。。
2024-05-13 07:47:32.253 E [test_yolo_detect] [372-test_yolo_detec] FFmpegReadNode.cpp:59 worker | 重连成功
